


ARM Macro Assembler    Page 1 


    1 00000000         ; Task 3 - Data processing calculations on a Cortex - M4
                       
    2 00000000         ; This program implements a filter operating on a sample
                       d data,
    3 00000000         ; achieved by peforming a series of correlations
    4 00000000         ; The samples are stored at read only memory location sa
                       mpled, 
    5 00000000         ; there must be a minimum of 8 samples and a maximum of 
                       64 samples
    6 00000000         ; Values of filter data are fixed and number of values a
                       re also fixed.
    7 00000000         
    8 00000000         ; Set up the exception addresses
    9 00000000                 THUMB
   10 00000000                 AREA             RESET, CODE, READONLY
   11 00000000                 EXPORT           __Vectors
   12 00000000                 EXPORT           Reset_Handler
   13 00000000         __Vectors
   14 00000000 20001000        DCD              0x20001000  ; top of the stack 
                                                            
   15 00000004 00000000        DCD              Reset_Handler ; reset vector - 
                                                            where the program s
                                                            tarts
   16 00000008         
   17 00000008                 AREA             c02t02_Code, CODE, READONLY
   18 00000000                 ENTRY
   19 00000000         Reset_Handler
   20 00000000 F04F 0009       MOV              r0,#(1+sampled_end-sampled)-8 ;
                                                             number of calculat
                                                            ions needed
   21 00000004 491E            LDR              r1,=sampled ; start of the ADC 
                                                            sampled data area
   22 00000006 4A1F            LDR              r2,=filtered ; location to stor
                                                            e results
   23 00000008 F04F 0320       MOV              r3,#32      ; store filter cons
                                                            tant
   24 0000000C F04F 0440       MOV              r4,#64      ; store filter cons
                                                            tant
   25 00000010 F04F 0580       MOV              r5,#128     ; store filter cons
                                                            tant
   26 00000014         
   27 00000014         filter_loop
   28 00000014 F851 6B04       LDR              r6,[r1],#4  ; get next 4 bytes 
                                                            from the sampled da
                                                            ta area
   29 00000018         
   30 00000018 F3C6 0707       UBFX             r7, r6, #0, #8 
                                                            ; filter data value
                                                            
   31 0000001C FB07 F803       MUL              r8,r7,r3    ; Mutiply data valu
                                                            e with filter value
                                                             32
   32 00000020         
   33 00000020 F3C6 2707       UBFX             r7, r6, #8, #8 
                                                            ; filter data value
                                                            
   34 00000024 FB27 8803       SMLAD            r8,r7,r3,r8 ; Mutiply data valu
                                                            e with filter value
                                                             32 and accmulate r



ARM Macro Assembler    Page 2 


                                                            esult
   35 00000028         
   36 00000028 F3C6 4707       UBFX             r7, r6, #16, #8 
                                                            ; filter data value
                                                            
   37 0000002C FB27 8804       SMLAD            r8,r7,r4,r8 ; Mutiply data valu
                                                            e with filter value
                                                             64 and accmulate r
                                                            esult
   38 00000030         
   39 00000030 F3C6 6707       UBFX             r7, r6, #24, #8 
                                                            ; filter data value
                                                            
   40 00000034 FB27 8805       SMLAD            r8,r7,r5,r8 ; Mutiply data valu
                                                            e with filter value
                                                             128 and accmulate 
                                                            result
   41 00000038         
   42 00000038 F851 6B04       LDR              r6,[r1],#4  ; get next 4 bytes 
                                                            from the sampled da
                                                            ta area
   43 0000003C         
   44 0000003C F3C6 0707       UBFX             r7, r6, #0, #8 
                                                            ; filter data value
                                                            
   45 00000040 FB27 8805       SMLAD            r8,r7,r5,r8 ; Mutiply data valu
                                                            e with filter value
                                                             128 and accmulate 
                                                            result
   46 00000044         
   47 00000044 F3C6 2707       UBFX             r7, r6, #8, #8 
                                                            ; filter data value
                                                            
   48 00000048 FB27 8804       SMLAD            r8,r7,r4,r8 ; Mutiply data valu
                                                            e with filter value
                                                             64 and accmulate r
                                                            esult
   49 0000004C         
   50 0000004C F3C6 4707       UBFX             r7, r6, #16, #8 
                                                            ; filter data value
                                                            
   51 00000050 FB27 8803       SMLAD            r8,r7,r3,r8 ; Mutiply data valu
                                                            e with filter value
                                                             32 and accmulate r
                                                            esult
   52 00000054         
   53 00000054 F3C6 6707       UBFX             r7, r6, #24, #8 
                                                            ; filter data value
                                                            
   54 00000058 FB27 8803       SMLAD            r8,r7,r3,r8 ; Mutiply data valu
                                                            e with filter value
                                                             32 and accmulate r
                                                            esult
   55 0000005C         
   56 0000005C EA4F 2858       LSR              r8,r8,#9    ; scale the filtere
                                                            d value by 512
   57 00000060 F842 8B04       STR              r8,[r2],#4  ; store filtered va
                                                            lue in read/write a
                                                            rea



ARM Macro Assembler    Page 3 


   58 00000064 F1A1 0107       SUB              r1,r1,#7    ; calculate address
                                                             of next data value
                                                            
   59 00000068 1E40            SUBS             r0,r0,#1    ; decrement num of 
                                                            calculations
   60 0000006A D1D3            BNE              filter_loop ; next filtered val
                                                            ue  
   61 0000006C         
   62 0000006C         terminate                            ; finish in an endl
                                                            ess loop
   63 0000006C E7FE            B                terminate
   64 0000006E         
   65 0000006E         ; provide the initial sampled and filter values 
   66 0000006E 00 00           ALIGN            4
   67 00000070         sampled                              ; 8-bit unsigned sa
                                                            mpled values obtain
                                                            ed from an ADC
   68 00000070 66 18 7F 
              80 EF 78 
              59 17 00 
              0F 7B FC 
              2D C1 9C 
              67               DCB              102,24,127,128,239,120,89,23,0,
15,123,252,45,193,156,103
   69 00000080         sampled_end
   70 00000080         
   71 00000080         ; region to hold the filtered data values
   72 00000080 00000000 
              00000000         AREA             c02t02_Data, DATA, READWRITE
   73 00000000         filtered
   74 00000000 00 00 00 
              00 00 00 
              00 00 00         FILL             (1+sampled_end-sampled)-8
   75 00000009                 END
Command Line: --debug --xref --diag_suppress=9931 --cpu=Cortex-M4 --apcs=interw
ork --depend=.\objects\task3v2.d -o.\objects\task3v2.o -I.\RTE\_Target_1 -IC:\U
sers\kbria\AppData\Local\Arm\Packs\ARM\CMSIS\5.6.0\Device\ARM\ARMCM4\Include -I
C:\Keil_v5\ARM\CMSIS\Include --predefine="__EVAL SETA 1" --predefine="__UVISION
_VERSION SETA 529" --predefine="ARMCM4 SETA 1" --list=.\listings\task3v2.lst ta
sk3v2.s



ARM Macro Assembler    Page 1 Alphabetic symbol ordering
Relocatable symbols

RESET 00000000

Symbol: RESET
   Definitions
      At line 10 in file task3v2.s
   Uses
      None
Comment: RESET unused
__Vectors 00000000

Symbol: __Vectors
   Definitions
      At line 13 in file task3v2.s
   Uses
      At line 11 in file task3v2.s
Comment: __Vectors used once
2 symbols



ARM Macro Assembler    Page 1 Alphabetic symbol ordering
Relocatable symbols

Reset_Handler 00000000

Symbol: Reset_Handler
   Definitions
      At line 19 in file task3v2.s
   Uses
      At line 12 in file task3v2.s
      At line 15 in file task3v2.s

c02t02_Code 00000000

Symbol: c02t02_Code
   Definitions
      At line 17 in file task3v2.s
   Uses
      None
Comment: c02t02_Code unused
filter_loop 00000014

Symbol: filter_loop
   Definitions
      At line 27 in file task3v2.s
   Uses
      At line 60 in file task3v2.s
Comment: filter_loop used once
sampled 00000070

Symbol: sampled
   Definitions
      At line 67 in file task3v2.s
   Uses
      At line 20 in file task3v2.s
      At line 21 in file task3v2.s
      At line 74 in file task3v2.s

sampled_end 00000080

Symbol: sampled_end
   Definitions
      At line 69 in file task3v2.s
   Uses
      At line 20 in file task3v2.s
      At line 74 in file task3v2.s

terminate 0000006C

Symbol: terminate
   Definitions
      At line 62 in file task3v2.s
   Uses
      At line 63 in file task3v2.s
Comment: terminate used once
6 symbols



ARM Macro Assembler    Page 1 Alphabetic symbol ordering
Relocatable symbols

c02t02_Data 00000000

Symbol: c02t02_Data
   Definitions
      At line 72 in file task3v2.s
   Uses
      None
Comment: c02t02_Data unused
filtered 00000000

Symbol: filtered
   Definitions
      At line 73 in file task3v2.s
   Uses
      At line 22 in file task3v2.s
Comment: filtered used once
2 symbols
345 symbols in table
